{"C:\\Users\\Jaspreet\\Documents\\CabBooker\\lib\\engine.js":{"path":"C:\\Users\\Jaspreet\\Documents\\CabBooker\\lib\\engine.js","s":{"1":1,"2":1,"3":1,"4":1,"5":1,"6":1,"7":1,"8":1,"9":1,"10":1,"11":1,"12":1,"13":1,"14":1,"15":1},"b":{"1":[1,1]},"f":{"1":1,"2":1},"fnMap":{"1":{"name":"(anonymous_1)","line":16,"loc":{"start":{"line":16,"column":10},"end":{"line":16,"column":33}}},"2":{"name":"(anonymous_2)","line":26,"loc":{"start":{"line":26,"column":11},"end":{"line":26,"column":31}}}},"statementMap":{"1":{"start":{"line":1,"column":0},"end":{"line":1,"column":34}},"2":{"start":{"line":2,"column":0},"end":{"line":2,"column":36}},"3":{"start":{"line":3,"column":0},"end":{"line":3,"column":43}},"4":{"start":{"line":4,"column":0},"end":{"line":4,"column":28}},"5":{"start":{"line":5,"column":0},"end":{"line":5,"column":51}},"6":{"start":{"line":8,"column":0},"end":{"line":34,"column":1}},"7":{"start":{"line":18,"column":8},"end":{"line":18,"column":43}},"8":{"start":{"line":19,"column":8},"end":{"line":19,"column":28}},"9":{"start":{"line":20,"column":8},"end":{"line":20,"column":39}},"10":{"start":{"line":22,"column":8},"end":{"line":22,"column":29}},"11":{"start":{"line":23,"column":8},"end":{"line":23,"column":20}},"12":{"start":{"line":27,"column":8},"end":{"line":27,"column":38}},"13":{"start":{"line":28,"column":8},"end":{"line":30,"column":10}},"14":{"start":{"line":29,"column":12},"end":{"line":29,"column":76}},"15":{"start":{"line":32,"column":8},"end":{"line":32,"column":20}}},"branchMap":{"1":{"line":20,"type":"binary-expr","locations":[{"start":{"line":20,"column":20},"end":{"line":20,"column":31}},{"start":{"line":20,"column":35},"end":{"line":20,"column":39}}]}}},"C:\\Users\\Jaspreet\\Documents\\CabBooker\\lib\\adapter.js":{"path":"C:\\Users\\Jaspreet\\Documents\\CabBooker\\lib\\adapter.js","s":{"1":1,"2":1,"3":1,"4":1,"5":1,"6":1,"7":1,"8":21,"9":1},"b":{"1":[1,0],"2":[1,0]},"f":{"1":1,"2":21},"fnMap":{"1":{"name":"(anonymous_1)","line":15,"loc":{"start":{"line":15,"column":15},"end":{"line":15,"column":18}}},"2":{"name":"(anonymous_2)","line":37,"loc":{"start":{"line":37,"column":7},"end":{"line":37,"column":19}}}},"statementMap":{"1":{"start":{"line":1,"column":0},"end":{"line":1,"column":36}},"2":{"start":{"line":2,"column":0},"end":{"line":2,"column":37}},"3":{"start":{"line":3,"column":0},"end":{"line":3,"column":41}},"4":{"start":{"line":4,"column":0},"end":{"line":4,"column":37}},"5":{"start":{"line":16,"column":8},"end":{"line":19,"column":9}},"6":{"start":{"line":21,"column":8},"end":{"line":21,"column":124}},"7":{"start":{"line":23,"column":8},"end":{"line":27,"column":9}},"8":{"start":{"line":38,"column":8},"end":{"line":38,"column":37}},"9":{"start":{"line":41,"column":0},"end":{"line":41,"column":24}}},"branchMap":{"1":{"line":21,"type":"binary-expr","locations":[{"start":{"line":21,"column":28},"end":{"line":21,"column":45}},{"start":{"line":21,"column":49},"end":{"line":21,"column":71}}]},"2":{"line":21,"type":"binary-expr","locations":[{"start":{"line":21,"column":74},"end":{"line":21,"column":88}},{"start":{"line":21,"column":92},"end":{"line":21,"column":104}}]}}},"C:\\Users\\Jaspreet\\Documents\\CabBooker\\lib\\models\\User.js":{"path":"C:\\Users\\Jaspreet\\Documents\\CabBooker\\lib\\models\\User.js","s":{"1":1,"2":1,"3":1,"4":1,"5":1},"b":{},"f":{},"fnMap":{},"statementMap":{"1":{"start":{"line":1,"column":0},"end":{"line":1,"column":36}},"2":{"start":{"line":2,"column":0},"end":{"line":2,"column":31}},"3":{"start":{"line":5,"column":0},"end":{"line":10,"column":3}},"4":{"start":{"line":18,"column":0},"end":{"line":21,"column":1}},"5":{"start":{"line":20,"column":4},"end":{"line":20,"column":48}}},"branchMap":{}},"C:\\Users\\Jaspreet\\Documents\\CabBooker\\lib\\models\\Driver.js":{"path":"C:\\Users\\Jaspreet\\Documents\\CabBooker\\lib\\models\\Driver.js","s":{"1":1,"2":1,"3":1,"4":1,"5":1},"b":{},"f":{},"fnMap":{},"statementMap":{"1":{"start":{"line":1,"column":0},"end":{"line":1,"column":36}},"2":{"start":{"line":2,"column":0},"end":{"line":2,"column":31}},"3":{"start":{"line":5,"column":0},"end":{"line":9,"column":3}},"4":{"start":{"line":17,"column":0},"end":{"line":20,"column":1}},"5":{"start":{"line":19,"column":4},"end":{"line":19,"column":49}}},"branchMap":{}},"C:\\Users\\Jaspreet\\Documents\\CabBooker\\lib\\models\\Ride.js":{"path":"C:\\Users\\Jaspreet\\Documents\\CabBooker\\lib\\models\\Ride.js","s":{"1":1,"2":1,"3":1,"4":1,"5":1},"b":{},"f":{},"fnMap":{},"statementMap":{"1":{"start":{"line":1,"column":0},"end":{"line":1,"column":36}},"2":{"start":{"line":2,"column":0},"end":{"line":2,"column":31}},"3":{"start":{"line":5,"column":0},"end":{"line":13,"column":3}},"4":{"start":{"line":21,"column":0},"end":{"line":24,"column":1}},"5":{"start":{"line":23,"column":4},"end":{"line":23,"column":47}}},"branchMap":{}},"C:\\Users\\Jaspreet\\Documents\\CabBooker\\lib\\user.js":{"path":"C:\\Users\\Jaspreet\\Documents\\CabBooker\\lib\\user.js","s":{"1":1,"2":1,"3":8,"4":1,"5":8,"6":1,"7":8,"8":1},"b":{"1":[1,7],"2":[1,7]},"f":{"1":1,"2":0,"3":8},"fnMap":{"1":{"name":"(anonymous_1)","line":12,"loc":{"start":{"line":12,"column":15},"end":{"line":12,"column":36}}},"2":{"name":"(anonymous_2)","line":17,"loc":{"start":{"line":17,"column":12},"end":{"line":17,"column":15}}},"3":{"name":"(anonymous_3)","line":33,"loc":{"start":{"line":33,"column":15},"end":{"line":33,"column":36}}}},"statementMap":{"1":{"start":{"line":13,"column":8},"end":{"line":13,"column":33}},"2":{"start":{"line":14,"column":8},"end":{"line":14,"column":33}},"3":{"start":{"line":34,"column":8},"end":{"line":35,"column":31}},"4":{"start":{"line":35,"column":12},"end":{"line":35,"column":31}},"5":{"start":{"line":37,"column":8},"end":{"line":38,"column":67}},"6":{"start":{"line":38,"column":12},"end":{"line":38,"column":67}},"7":{"start":{"line":40,"column":8},"end":{"line":40,"column":39}},"8":{"start":{"line":44,"column":0},"end":{"line":44,"column":22}}},"branchMap":{"1":{"line":34,"type":"if","locations":[{"start":{"line":34,"column":8},"end":{"line":34,"column":8}},{"start":{"line":34,"column":8},"end":{"line":34,"column":8}}]},"2":{"line":37,"type":"if","locations":[{"start":{"line":37,"column":8},"end":{"line":37,"column":8}},{"start":{"line":37,"column":8},"end":{"line":37,"column":8}}]}}},"C:\\Users\\Jaspreet\\Documents\\CabBooker\\lib\\objects\\objects.js":{"path":"C:\\Users\\Jaspreet\\Documents\\CabBooker\\lib\\objects\\objects.js","s":{"1":1,"2":1,"3":1,"4":1,"5":1,"6":0,"7":1,"8":1,"9":1,"10":1,"11":1,"12":1,"13":1,"14":1,"15":1,"16":1,"17":0,"18":1},"b":{"1":[0,0],"2":[1,0],"3":[0,1]},"f":{"1":1},"fnMap":{"1":{"name":"getRideDetails","line":127,"loc":{"start":{"line":127,"column":0},"end":{"line":127,"column":40}}}},"statementMap":{"1":{"start":{"line":1,"column":0},"end":{"line":1,"column":104}},"2":{"start":{"line":2,"column":0},"end":{"line":2,"column":56}},"3":{"start":{"line":10,"column":0},"end":{"line":116,"column":1}},"4":{"start":{"line":11,"column":4},"end":{"line":43,"column":6}},"5":{"start":{"line":14,"column":23},"end":{"line":42,"column":9}},"6":{"start":{"line":37,"column":20},"end":{"line":39,"column":38}},"7":{"start":{"line":45,"column":4},"end":{"line":78,"column":6}},"8":{"start":{"line":48,"column":23},"end":{"line":77,"column":9}},"9":{"start":{"line":72,"column":20},"end":{"line":74,"column":38}},"10":{"start":{"line":80,"column":4},"end":{"line":113,"column":6}},"11":{"start":{"line":83,"column":23},"end":{"line":112,"column":9}},"12":{"start":{"line":97,"column":20},"end":{"line":97,"column":37}},"13":{"start":{"line":109,"column":20},"end":{"line":109,"column":38}},"14":{"start":{"line":115,"column":4},"end":{"line":115,"column":35}},"15":{"start":{"line":127,"column":0},"end":{"line":138,"column":1}},"16":{"start":{"line":128,"column":4},"end":{"line":129,"column":16}},"17":{"start":{"line":129,"column":8},"end":{"line":129,"column":16}},"18":{"start":{"line":130,"column":4},"end":{"line":137,"column":15}}},"branchMap":{"1":{"line":39,"type":"binary-expr","locations":[{"start":{"line":39,"column":23},"end":{"line":39,"column":32}},{"start":{"line":39,"column":36},"end":{"line":39,"column":37}}]},"2":{"line":74,"type":"binary-expr","locations":[{"start":{"line":74,"column":23},"end":{"line":74,"column":32}},{"start":{"line":74,"column":36},"end":{"line":74,"column":37}}]},"3":{"line":128,"type":"if","locations":[{"start":{"line":128,"column":4},"end":{"line":128,"column":4}},{"start":{"line":128,"column":4},"end":{"line":128,"column":4}}]}}}}