TN:
SF:C:\Users\Jaspreet\Documents\CabBooker\lib\engine.js
FN:16,(anonymous_1)
FN:26,(anonymous_2)
FNF:2
FNH:2
FNDA:1,(anonymous_1)
FNDA:1,(anonymous_2)
DA:1,1
DA:2,1
DA:3,1
DA:4,1
DA:5,1
DA:8,1
DA:18,1
DA:19,1
DA:20,1
DA:22,1
DA:23,1
DA:27,1
DA:28,1
DA:29,1
DA:32,1
LF:15
LH:15
BRDA:20,1,0,1
BRDA:20,1,1,1
BRF:2
BRH:2
end_of_record
TN:
SF:C:\Users\Jaspreet\Documents\CabBooker\lib\adapter.js
FN:15,(anonymous_1)
FN:37,(anonymous_2)
FNF:2
FNH:2
FNDA:1,(anonymous_1)
FNDA:21,(anonymous_2)
DA:1,1
DA:2,1
DA:3,1
DA:4,1
DA:16,1
DA:21,1
DA:23,1
DA:38,21
DA:41,1
LF:9
LH:9
BRDA:21,1,0,1
BRDA:21,1,1,0
BRDA:21,2,0,1
BRDA:21,2,1,0
BRF:4
BRH:2
end_of_record
TN:
SF:C:\Users\Jaspreet\Documents\CabBooker\lib\models\User.js
FNF:0
FNH:0
DA:1,1
DA:2,1
DA:5,1
DA:18,1
DA:20,1
LF:5
LH:5
BRF:0
BRH:0
end_of_record
TN:
SF:C:\Users\Jaspreet\Documents\CabBooker\lib\models\Driver.js
FNF:0
FNH:0
DA:1,1
DA:2,1
DA:5,1
DA:17,1
DA:19,1
LF:5
LH:5
BRF:0
BRH:0
end_of_record
TN:
SF:C:\Users\Jaspreet\Documents\CabBooker\lib\models\Ride.js
FNF:0
FNH:0
DA:1,1
DA:2,1
DA:5,1
DA:21,1
DA:23,1
LF:5
LH:5
BRF:0
BRH:0
end_of_record
TN:
SF:C:\Users\Jaspreet\Documents\CabBooker\lib\user.js
FN:12,(anonymous_1)
FN:17,(anonymous_2)
FN:33,(anonymous_3)
FNF:3
FNH:2
FNDA:1,(anonymous_1)
FNDA:0,(anonymous_2)
FNDA:8,(anonymous_3)
DA:13,1
DA:14,1
DA:34,8
DA:35,1
DA:37,8
DA:38,1
DA:40,8
DA:44,1
LF:8
LH:8
BRDA:34,1,0,1
BRDA:34,1,1,7
BRDA:37,2,0,1
BRDA:37,2,1,7
BRF:4
BRH:4
end_of_record
TN:
SF:C:\Users\Jaspreet\Documents\CabBooker\lib\objects\objects.js
FN:127,getRideDetails
FNF:1
FNH:1
FNDA:1,getRideDetails
DA:1,1
DA:2,1
DA:10,1
DA:11,1
DA:14,1
DA:37,0
DA:45,1
DA:48,1
DA:72,1
DA:80,1
DA:83,1
DA:97,1
DA:109,1
DA:115,1
DA:127,1
DA:128,1
DA:129,0
DA:130,1
LF:18
LH:16
BRDA:39,1,0,0
BRDA:39,1,1,0
BRDA:74,2,0,1
BRDA:74,2,1,0
BRDA:128,3,0,0
BRDA:128,3,1,1
BRF:6
BRH:2
end_of_record
